  Asunto.cpp
D:\Algoritmos\Semana 5\Asunto\Asunto\EscenarioInicio.h(100,13): warning C4996: '_sleep': This function or variable has been superceded by newer library or operating system functionality. Consider using Sleep instead. See online help for details.
  (compilando archivo de origen "/Asunto.cpp")
  
D:\Algoritmos\Semana 5\Asunto\Asunto\PersonajePrincipal.h(74,29): warning C4996: 'getch': The POSIX name for this item is deprecated. Instead, use the ISO C and C++ conformant name: _getch. See online help for details.
  (compilando archivo de origen "/Asunto.cpp")
  
D:\Algoritmos\Semana 5\Asunto\Asunto\PersonajePrincipal.h(107,13): warning C4996: '_sleep': This function or variable has been superceded by newer library or operating system functionality. Consider using Sleep instead. See online help for details.
  (compilando archivo de origen "/Asunto.cpp")
  
D:\Algoritmos\Semana 5\Asunto\Asunto\MenuDeInicio.h(44,3): warning C4996: '_sleep': This function or variable has been superceded by newer library or operating system functionality. Consider using Sleep instead. See online help for details.
  (compilando archivo de origen "/Asunto.cpp")
  
  Juego.cpp
D:\Algoritmos\Semana 5\Asunto\Asunto\EscenarioInicio.h(100,13): warning C4996: '_sleep': This function or variable has been superceded by newer library or operating system functionality. Consider using Sleep instead. See online help for details.
  (compilando archivo de origen "/Juego.cpp")
  
D:\Algoritmos\Semana 5\Asunto\Asunto\PersonajePrincipal.h(74,29): warning C4996: 'getch': The POSIX name for this item is deprecated. Instead, use the ISO C and C++ conformant name: _getch. See online help for details.
  (compilando archivo de origen "/Juego.cpp")
  
D:\Algoritmos\Semana 5\Asunto\Asunto\PersonajePrincipal.h(107,13): warning C4996: '_sleep': This function or variable has been superceded by newer library or operating system functionality. Consider using Sleep instead. See online help for details.
  (compilando archivo de origen "/Juego.cpp")
  
D:\Algoritmos\Semana 5\Asunto\Asunto\MenuDeInicio.h(44,3): warning C4996: '_sleep': This function or variable has been superceded by newer library or operating system functionality. Consider using Sleep instead. See online help for details.
  (compilando archivo de origen "/Juego.cpp")
  
  Generando código...
  AssemblyInfo.obj : se encontró un módulo MSIL; vinculación incremental deshabilitada para MSIL; ejecutando vínculo completo
  Asunto.vcxproj -> D:\Algoritmos\Semana 5\Asunto\x64\Debug\Asunto.exe
  "pwsh.exe" no se reconoce como un comando interno o externo,
  programa o archivo por lotes ejecutable.
